21/05/2025 13:28:45	Dal.ProductImplementation.ReadAll:	begin

21/05/2025 13:28:45	Dal.ProductImplementation.ReadAll:	end

21/05/2025 13:29:37	Dal.ProductImplementation.ReadAll:	begin

21/05/2025 13:29:37	Dal.ProductImplementation.ReadAll:	end

21/05/2025 13:29:54	Dal.ProductImplementation.ReadAll:	begin

21/05/2025 13:29:54	Dal.ProductImplementation.ReadAll:	end

21/05/2025 13:31:32	Dal.ProductImplementation.ReadAll:	begin

21/05/2025 13:31:32	Dal.ProductImplementation.ReadAll:	end

21/05/2025 13:34:29	Dal.ProductImplementation.ReadAll:	begin

21/05/2025 13:34:29	Dal.ProductImplementation.ReadAll:	end

21/05/2025 13:35:36	Dal.ProductImplementation.ReadAll:	begin

21/05/2025 13:35:36	Dal.ProductImplementation.ReadAll:	end

21/05/2025 13:36:25	Dal.ProductImplementation.ReadAll:	begin

21/05/2025 13:36:25	Dal.ProductImplementation.ReadAll:	end

21/05/2025 13:37:00	Dal.ProductImplementation.ReadAll:	begin

21/05/2025 13:37:00	Dal.ProductImplementation.ReadAll:	end

21/05/2025 13:39:15	Dal.CustomerImplementation.Create:	error

21/05/2025 13:48:35	Dal.ProductImplementation.ReadAll:	begin

21/05/2025 13:48:35	Dal.ProductImplementation.ReadAll:	end

21/05/2025 13:51:55	Dal.CustomerImplementation.Create:	start create customer

21/05/2025 13:52:50	Dal.CustomerImplementation.Create:	start create customer

21/05/2025 13:54:13	Dal.CustomerImplementation.Create:	start create customer

21/05/2025 14:01:11	Dal.CustomerImplementation.Create:	start create customer

21/05/2025 14:01:11	Dal.CustomerImplementation.Create:	error

21/05/2025 14:01:41	Dal.CustomerImplementation.Create:	start create customer

21/05/2025 14:04:42	Dal.CustomerImplementation.Create:	start create customer

21/05/2025 14:07:38	Dal.CustomerImplementation.Create:	start create customer

21/05/2025 14:08:08	Dal.CustomerImplementation.Create:	start create customer

21/05/2025 14:12:44	Dal.CustomerImplementation.Create:	start create customer

21/05/2025 14:15:48	Dal.CustomerImplementation.Create:	start create customer

21/05/2025 14:17:01	Dal.CustomerImplementation.Create:	end create customer

21/05/2025 14:17:48	Dal.CustomerImplementation.Create:	start create customer

21/05/2025 14:18:11	Dal.CustomerImplementation.Create:	end create customer

21/05/2025 14:18:15	Dal.CustomerImplementation.Create:	start create customer

21/05/2025 14:18:20	Dal.CustomerImplementation.Create:	end create customer

21/05/2025 14:18:22	Dal.CustomerImplementation.Create:	start create customer

21/05/2025 14:18:25	Dal.CustomerImplementation.Create:	end create customer

21/05/2025 14:18:27	Dal.CustomerImplementation.Create:	start create customer

21/05/2025 14:18:30	Dal.CustomerImplementation.Create:	end create customer

21/05/2025 14:34:03	Dal.CustomerImplementation.Create:	start create customer

21/05/2025 14:34:03	Dal.CustomerImplementation.Create:	customer are exists

21/05/2025 14:34:03	Dal.CustomerImplementation.Create:	error

21/05/2025 14:34:24	Dal.CustomerImplementation.Create:	start create customer

21/05/2025 14:34:24	Dal.CustomerImplementation.Create:	end create customer

21/05/2025 14:34:24	Dal.CustomerImplementation.Create:	start create customer

21/05/2025 14:34:24	Dal.CustomerImplementation.Create:	end create customer

21/05/2025 14:34:24	Dal.CustomerImplementation.Create:	start create customer

21/05/2025 14:34:24	Dal.CustomerImplementation.Create:	end create customer

21/05/2025 14:34:24	Dal.CustomerImplementation.Create:	start create customer

21/05/2025 14:34:25	Dal.CustomerImplementation.Create:	end create customer

21/05/2025 14:34:25	Dal.CustomerImplementation.Create:	start create customer

21/05/2025 14:34:25	Dal.CustomerImplementation.Create:	end create customer

21/05/2025 14:34:25	Dal.ProductImplementation.Create:	error

21/05/2025 14:35:09	Dal.CustomerImplementation.Create:	start create customer

21/05/2025 14:35:49	Dal.CustomerImplementation.Create:	start create customer

21/05/2025 14:35:49	Dal.CustomerImplementation.Create:	end create customer

21/05/2025 14:35:49	Dal.CustomerImplementation.Create:	start create customer

21/05/2025 14:35:49	Dal.CustomerImplementation.Create:	end create customer

21/05/2025 14:35:49	Dal.CustomerImplementation.Create:	start create customer

21/05/2025 14:35:49	Dal.CustomerImplementation.Create:	end create customer

21/05/2025 14:35:49	Dal.CustomerImplementation.Create:	start create customer

21/05/2025 14:35:49	Dal.CustomerImplementation.Create:	end create customer

21/05/2025 14:35:49	Dal.CustomerImplementation.Create:	start create customer

21/05/2025 14:35:49	Dal.CustomerImplementation.Create:	end create customer

21/05/2025 14:37:17	Dal.CustomerImplementation.Create:	start create customer

21/05/2025 14:37:17	Dal.CustomerImplementation.Create:	end create customer

21/05/2025 14:37:17	Dal.CustomerImplementation.Create:	start create customer

21/05/2025 14:37:17	Dal.CustomerImplementation.Create:	end create customer

21/05/2025 14:37:17	Dal.CustomerImplementation.Create:	start create customer

21/05/2025 14:37:17	Dal.CustomerImplementation.Create:	end create customer

21/05/2025 14:37:17	Dal.CustomerImplementation.Create:	start create customer

21/05/2025 14:37:17	Dal.CustomerImplementation.Create:	end create customer

21/05/2025 14:37:17	Dal.CustomerImplementation.Create:	start create customer

21/05/2025 14:37:17	Dal.CustomerImplementation.Create:	end create customer

21/05/2025 14:39:28	Dal.CustomerImplementation.Create:	start create customer

21/05/2025 14:39:28	Dal.CustomerImplementation.Create:	end create customer

21/05/2025 14:39:28	Dal.CustomerImplementation.Create:	start create customer

21/05/2025 14:39:28	Dal.CustomerImplementation.Create:	end create customer

21/05/2025 14:39:28	Dal.CustomerImplementation.Create:	start create customer

21/05/2025 14:39:28	Dal.CustomerImplementation.Create:	end create customer

21/05/2025 14:39:28	Dal.CustomerImplementation.Create:	start create customer

21/05/2025 14:39:28	Dal.CustomerImplementation.Create:	end create customer

21/05/2025 14:39:28	Dal.CustomerImplementation.Create:	start create customer

21/05/2025 14:39:28	Dal.CustomerImplementation.Create:	end create customer

21/05/2025 14:43:39	Dal.CustomerImplementation.Create:	start create customer

21/05/2025 14:43:39	Dal.CustomerImplementation.Create:	end create customer

21/05/2025 14:43:39	Dal.CustomerImplementation.Create:	start create customer

21/05/2025 14:43:39	Dal.CustomerImplementation.Create:	end create customer

21/05/2025 14:43:39	Dal.CustomerImplementation.Create:	start create customer

21/05/2025 14:43:39	Dal.CustomerImplementation.Create:	end create customer

21/05/2025 14:43:39	Dal.CustomerImplementation.Create:	start create customer

21/05/2025 14:43:39	Dal.CustomerImplementation.Create:	end create customer

21/05/2025 14:43:39	Dal.CustomerImplementation.Create:	start create customer

21/05/2025 14:43:39	Dal.CustomerImplementation.Create:	end create customer

21/05/2025 14:43:54	Dal.ProductImplementation.Create:	start create product

21/05/2025 14:49:08	Dal.CustomerImplementation.Create:	start create customer

21/05/2025 14:49:08	Dal.CustomerImplementation.Create:	customer are exists

21/05/2025 14:49:08	Dal.CustomerImplementation.Create:	error

21/05/2025 14:49:31	Dal.CustomerImplementation.Create:	start create customer

21/05/2025 14:49:31	Dal.CustomerImplementation.Create:	end create customer

21/05/2025 14:49:31	Dal.CustomerImplementation.Create:	start create customer

21/05/2025 14:49:31	Dal.CustomerImplementation.Create:	end create customer

21/05/2025 14:49:31	Dal.CustomerImplementation.Create:	start create customer

21/05/2025 14:49:31	Dal.CustomerImplementation.Create:	end create customer

21/05/2025 14:49:31	Dal.CustomerImplementation.Create:	start create customer

21/05/2025 14:49:31	Dal.CustomerImplementation.Create:	end create customer

21/05/2025 14:49:31	Dal.CustomerImplementation.Create:	start create customer

21/05/2025 14:49:31	Dal.CustomerImplementation.Create:	end create customer

21/05/2025 14:50:53	Dal.ProductImplementation.Create:	start create product

21/05/2025 14:50:54	Dal.ProductImplementation.Create:	error

