24/05/2025 22:20:49	Dal.CustomerImplementation.Create:	start create customer

24/05/2025 22:20:50	Dal.CustomerImplementation.Create:	end create customer

24/05/2025 22:20:50	Dal.CustomerImplementation.Create:	start create customer

24/05/2025 22:20:50	Dal.CustomerImplementation.Create:	customer are exists

24/05/2025 22:20:50	Dal.CustomerImplementation.Create:	error

24/05/2025 22:21:24	Dal.CustomerImplementation.Create:	start create customer

24/05/2025 22:22:23	Dal.CustomerImplementation.Create:	end create customer

24/05/2025 22:23:22	Dal.CustomerImplementation.Create:	start create customer

24/05/2025 22:23:22	Dal.CustomerImplementation.Create:	end create customer

24/05/2025 22:23:22	Dal.CustomerImplementation.Create:	start create customer

24/05/2025 22:23:22	Dal.CustomerImplementation.Create:	end create customer

24/05/2025 22:23:22	Dal.CustomerImplementation.Create:	start create customer

24/05/2025 22:23:22	Dal.CustomerImplementation.Create:	end create customer

24/05/2025 22:23:22	Dal.CustomerImplementation.Create:	start create customer

24/05/2025 22:23:22	Dal.CustomerImplementation.Create:	end create customer

24/05/2025 22:23:22	Dal.CustomerImplementation.Create:	start create customer

24/05/2025 22:23:22	Dal.CustomerImplementation.Create:	end create customer

24/05/2025 22:23:22	Dal.ProductImplementation.Create:	start create product

24/05/2025 22:23:22	Dal.ProductImplementation.Create:	end create product

24/05/2025 22:23:22	Dal.ProductImplementation.Create:	start create product

24/05/2025 22:23:22	Dal.ProductImplementation.Create:	end create product

24/05/2025 22:23:22	Dal.ProductImplementation.Create:	start create product

24/05/2025 22:23:22	Dal.ProductImplementation.Create:	end create product

24/05/2025 22:23:22	Dal.ProductImplementation.Create:	start create product

24/05/2025 22:23:22	Dal.ProductImplementation.Create:	end create product

24/05/2025 22:23:22	Dal.ProductImplementation.Create:	start create product

24/05/2025 22:23:22	Dal.ProductImplementation.Create:	end create product

24/05/2025 22:23:22	Dal.SaleImplementation.Create:	start create sale

24/05/2025 22:23:22	Dal.SaleImplementation.Create:	end create sale

24/05/2025 22:23:22	Dal.SaleImplementation.Create:	start create sale

24/05/2025 22:23:22	Dal.SaleImplementation.Create:	end create sale

24/05/2025 22:23:22	Dal.SaleImplementation.Create:	start create sale

24/05/2025 22:23:22	Dal.SaleImplementation.Create:	end create sale

24/05/2025 22:23:22	Dal.SaleImplementation.Create:	start create sale

24/05/2025 22:23:22	Dal.SaleImplementation.Create:	end create sale

24/05/2025 22:23:22	Dal.SaleImplementation.Create:	start create sale

24/05/2025 22:23:22	Dal.SaleImplementation.Create:	end create sale

24/05/2025 22:23:34	Dal.CustomerImplementation.Create:	start create customer

24/05/2025 22:23:45	Dal.CustomerImplementation.Create:	end create customer

24/05/2025 22:23:55	Dal.CustomerImplementation.Create:	start create customer

24/05/2025 22:24:02	Dal.CustomerImplementation.Create:	end create customer

24/05/2025 22:24:05	Dal.CustomerImplementation.Create:	start create customer

24/05/2025 22:24:05	Dal.CustomerImplementation.Create:	end create customer

24/05/2025 22:24:05	Dal.CustomerImplementation.Create:	start create customer

24/05/2025 22:24:05	Dal.CustomerImplementation.Create:	end create customer

24/05/2025 22:24:06	Dal.CustomerImplementation.Create:	start create customer

24/05/2025 22:24:06	Dal.CustomerImplementation.Create:	end create customer

24/05/2025 22:24:13	Dal.ProductImplementation.Create:	start create product

24/05/2025 22:24:13	Dal.ProductImplementation.Create:	end create product

24/05/2025 22:24:14	Dal.ProductImplementation.Create:	start create product

24/05/2025 22:24:14	Dal.ProductImplementation.Create:	end create product

24/05/2025 22:24:14	Dal.ProductImplementation.Create:	start create product

24/05/2025 22:24:14	Dal.ProductImplementation.Create:	end create product

24/05/2025 22:24:15	Dal.ProductImplementation.Create:	start create product

24/05/2025 22:24:15	Dal.ProductImplementation.Create:	end create product

24/05/2025 22:24:16	Dal.ProductImplementation.Create:	start create product

24/05/2025 22:24:16	Dal.ProductImplementation.Create:	end create product

24/05/2025 22:24:18	Dal.SaleImplementation.Create:	start create sale

24/05/2025 22:24:19	Dal.SaleImplementation.Create:	end create sale

24/05/2025 22:24:19	Dal.SaleImplementation.Create:	start create sale

24/05/2025 22:24:19	Dal.SaleImplementation.Create:	end create sale

24/05/2025 22:24:19	Dal.SaleImplementation.Create:	start create sale

24/05/2025 22:24:19	Dal.SaleImplementation.Create:	end create sale

24/05/2025 22:24:19	Dal.SaleImplementation.Create:	start create sale

24/05/2025 22:24:19	Dal.SaleImplementation.Create:	end create sale

24/05/2025 22:24:19	Dal.SaleImplementation.Create:	start create sale

24/05/2025 22:24:19	Dal.SaleImplementation.Create:	end create sale

24/05/2025 22:26:39	Dal.CustomerImplementation.Create:	start create customer

24/05/2025 22:26:40	Dal.CustomerImplementation.Create:	end create customer

24/05/2025 22:26:40	Dal.CustomerImplementation.Create:	start create customer

24/05/2025 22:26:40	Dal.CustomerImplementation.Create:	end create customer

24/05/2025 22:26:40	Dal.CustomerImplementation.Create:	start create customer

24/05/2025 22:26:40	Dal.CustomerImplementation.Create:	end create customer

24/05/2025 22:26:40	Dal.CustomerImplementation.Create:	start create customer

24/05/2025 22:26:40	Dal.CustomerImplementation.Create:	end create customer

24/05/2025 22:26:40	Dal.CustomerImplementation.Create:	start create customer

24/05/2025 22:26:40	Dal.CustomerImplementation.Create:	end create customer

24/05/2025 22:26:40	Dal.ProductImplementation.Create:	start create product

24/05/2025 22:26:40	Dal.ProductImplementation.Create:	end create product

24/05/2025 22:26:40	Dal.ProductImplementation.Create:	start create product

24/05/2025 22:26:40	Dal.ProductImplementation.Create:	end create product

24/05/2025 22:26:40	Dal.ProductImplementation.Create:	start create product

24/05/2025 22:26:40	Dal.ProductImplementation.Create:	end create product

24/05/2025 22:26:40	Dal.ProductImplementation.Create:	start create product

24/05/2025 22:26:41	Dal.ProductImplementation.Create:	end create product

24/05/2025 22:26:41	Dal.ProductImplementation.Create:	start create product

24/05/2025 22:26:41	Dal.ProductImplementation.Create:	end create product

24/05/2025 22:26:41	Dal.SaleImplementation.Create:	start create sale

24/05/2025 22:26:41	Dal.SaleImplementation.Create:	end create sale

24/05/2025 22:26:41	Dal.SaleImplementation.Create:	start create sale

24/05/2025 22:26:41	Dal.SaleImplementation.Create:	end create sale

24/05/2025 22:26:41	Dal.SaleImplementation.Create:	start create sale

24/05/2025 22:26:41	Dal.SaleImplementation.Create:	end create sale

24/05/2025 22:26:41	Dal.SaleImplementation.Create:	start create sale

24/05/2025 22:26:41	Dal.SaleImplementation.Create:	end create sale

24/05/2025 22:26:41	Dal.SaleImplementation.Create:	start create sale

24/05/2025 22:26:41	Dal.SaleImplementation.Create:	end create sale

24/05/2025 22:27:27	Dal.CustomerImplementation.Create:	start create customer

24/05/2025 22:27:27	Dal.CustomerImplementation.Create:	end create customer

24/05/2025 22:27:27	Dal.CustomerImplementation.Create:	start create customer

24/05/2025 22:27:28	Dal.CustomerImplementation.Create:	end create customer

24/05/2025 22:27:28	Dal.CustomerImplementation.Create:	start create customer

24/05/2025 22:27:28	Dal.CustomerImplementation.Create:	end create customer

24/05/2025 22:27:28	Dal.CustomerImplementation.Create:	start create customer

24/05/2025 22:27:28	Dal.CustomerImplementation.Create:	end create customer

24/05/2025 22:27:28	Dal.CustomerImplementation.Create:	start create customer

24/05/2025 22:27:28	Dal.CustomerImplementation.Create:	end create customer

24/05/2025 22:27:28	Dal.ProductImplementation.Create:	start create product

24/05/2025 22:27:28	Dal.ProductImplementation.Create:	end create product

24/05/2025 22:27:28	Dal.ProductImplementation.Create:	start create product

24/05/2025 22:27:28	Dal.ProductImplementation.Create:	end create product

24/05/2025 22:27:28	Dal.ProductImplementation.Create:	start create product

24/05/2025 22:27:28	Dal.ProductImplementation.Create:	end create product

24/05/2025 22:27:28	Dal.ProductImplementation.Create:	start create product

24/05/2025 22:27:29	Dal.ProductImplementation.Create:	end create product

24/05/2025 22:27:29	Dal.ProductImplementation.Create:	start create product

24/05/2025 22:27:29	Dal.ProductImplementation.Create:	end create product

24/05/2025 22:27:29	Dal.SaleImplementation.Create:	start create sale

24/05/2025 22:27:29	Dal.SaleImplementation.Create:	end create sale

24/05/2025 22:27:29	Dal.SaleImplementation.Create:	start create sale

24/05/2025 22:27:29	Dal.SaleImplementation.Create:	end create sale

24/05/2025 22:27:29	Dal.SaleImplementation.Create:	start create sale

24/05/2025 22:27:29	Dal.SaleImplementation.Create:	end create sale

24/05/2025 22:27:29	Dal.SaleImplementation.Create:	start create sale

24/05/2025 22:27:29	Dal.SaleImplementation.Create:	end create sale

24/05/2025 22:27:29	Dal.SaleImplementation.Create:	start create sale

24/05/2025 22:27:29	Dal.SaleImplementation.Create:	end create sale

24/05/2025 22:28:24	Dal.CustomerImplementation.Create:	start create customer

24/05/2025 22:28:25	Dal.CustomerImplementation.Create:	end create customer

24/05/2025 22:28:25	Dal.CustomerImplementation.Create:	start create customer

24/05/2025 22:28:25	Dal.CustomerImplementation.Create:	end create customer

24/05/2025 22:28:25	Dal.CustomerImplementation.Create:	start create customer

24/05/2025 22:28:25	Dal.CustomerImplementation.Create:	end create customer

24/05/2025 22:28:25	Dal.CustomerImplementation.Create:	start create customer

24/05/2025 22:28:25	Dal.CustomerImplementation.Create:	end create customer

24/05/2025 22:28:25	Dal.CustomerImplementation.Create:	start create customer

24/05/2025 22:28:25	Dal.CustomerImplementation.Create:	end create customer

24/05/2025 22:28:25	Dal.ProductImplementation.Create:	start create product

24/05/2025 22:28:25	Dal.ProductImplementation.Create:	end create product

24/05/2025 22:28:25	Dal.ProductImplementation.Create:	start create product

24/05/2025 22:28:25	Dal.ProductImplementation.Create:	end create product

24/05/2025 22:28:25	Dal.ProductImplementation.Create:	start create product

24/05/2025 22:28:26	Dal.ProductImplementation.Create:	end create product

24/05/2025 22:28:26	Dal.ProductImplementation.Create:	start create product

24/05/2025 22:28:26	Dal.ProductImplementation.Create:	end create product

24/05/2025 22:28:26	Dal.ProductImplementation.Create:	start create product

24/05/2025 22:28:26	Dal.ProductImplementation.Create:	end create product

24/05/2025 22:28:26	Dal.SaleImplementation.Create:	start create sale

24/05/2025 22:28:26	Dal.SaleImplementation.Create:	end create sale

24/05/2025 22:28:26	Dal.SaleImplementation.Create:	start create sale

24/05/2025 22:28:26	Dal.SaleImplementation.Create:	end create sale

24/05/2025 22:28:26	Dal.SaleImplementation.Create:	start create sale

24/05/2025 22:28:26	Dal.SaleImplementation.Create:	end create sale

24/05/2025 22:28:26	Dal.SaleImplementation.Create:	start create sale

24/05/2025 22:28:26	Dal.SaleImplementation.Create:	end create sale

24/05/2025 22:28:26	Dal.SaleImplementation.Create:	start create sale

24/05/2025 22:28:26	Dal.SaleImplementation.Create:	end create sale

24/05/2025 22:30:56	Dal.CustomerImplementation.Create:	start create customer

24/05/2025 22:30:56	Dal.CustomerImplementation.Create:	end create customer

24/05/2025 22:30:56	Dal.CustomerImplementation.Create:	start create customer

24/05/2025 22:30:56	Dal.CustomerImplementation.Create:	end create customer

24/05/2025 22:30:56	Dal.CustomerImplementation.Create:	start create customer

24/05/2025 22:30:56	Dal.CustomerImplementation.Create:	end create customer

24/05/2025 22:30:56	Dal.CustomerImplementation.Create:	start create customer

24/05/2025 22:30:56	Dal.CustomerImplementation.Create:	end create customer

24/05/2025 22:30:56	Dal.CustomerImplementation.Create:	start create customer

24/05/2025 22:30:56	Dal.CustomerImplementation.Create:	end create customer

24/05/2025 22:30:56	Dal.ProductImplementation.Create:	start create product

24/05/2025 22:30:56	Dal.ProductImplementation.Create:	end create product

24/05/2025 22:30:56	Dal.ProductImplementation.Create:	start create product

24/05/2025 22:30:57	Dal.ProductImplementation.Create:	end create product

24/05/2025 22:30:57	Dal.ProductImplementation.Create:	start create product

24/05/2025 22:30:57	Dal.ProductImplementation.Create:	end create product

24/05/2025 22:30:57	Dal.ProductImplementation.Create:	start create product

24/05/2025 22:30:57	Dal.ProductImplementation.Create:	end create product

24/05/2025 22:30:57	Dal.ProductImplementation.Create:	start create product

24/05/2025 22:30:57	Dal.ProductImplementation.Create:	end create product

24/05/2025 22:30:57	Dal.SaleImplementation.Create:	start create sale

24/05/2025 22:30:57	Dal.SaleImplementation.Create:	end create sale

24/05/2025 22:30:57	Dal.SaleImplementation.Create:	start create sale

24/05/2025 22:30:57	Dal.SaleImplementation.Create:	end create sale

24/05/2025 22:30:57	Dal.SaleImplementation.Create:	start create sale

24/05/2025 22:30:57	Dal.SaleImplementation.Create:	end create sale

24/05/2025 22:30:57	Dal.SaleImplementation.Create:	start create sale

24/05/2025 22:30:57	Dal.SaleImplementation.Create:	end create sale

24/05/2025 22:30:58	Dal.SaleImplementation.Create:	start create sale

24/05/2025 22:30:58	Dal.SaleImplementation.Create:	end create sale

24/05/2025 22:32:09	Dal.CustomerImplementation.Create:	start create customer

24/05/2025 22:32:09	Dal.CustomerImplementation.Create:	end create customer

24/05/2025 22:32:09	Dal.CustomerImplementation.Create:	start create customer

24/05/2025 22:32:09	Dal.CustomerImplementation.Create:	end create customer

24/05/2025 22:32:09	Dal.CustomerImplementation.Create:	start create customer

24/05/2025 22:32:09	Dal.CustomerImplementation.Create:	end create customer

24/05/2025 22:32:09	Dal.CustomerImplementation.Create:	start create customer

24/05/2025 22:32:10	Dal.CustomerImplementation.Create:	end create customer

24/05/2025 22:32:10	Dal.CustomerImplementation.Create:	start create customer

24/05/2025 22:32:10	Dal.CustomerImplementation.Create:	end create customer

24/05/2025 22:32:10	Dal.ProductImplementation.Create:	start create product

24/05/2025 22:32:10	Dal.ProductImplementation.Create:	end create product

24/05/2025 22:32:10	Dal.ProductImplementation.Create:	start create product

24/05/2025 22:32:10	Dal.ProductImplementation.Create:	end create product

24/05/2025 22:32:10	Dal.ProductImplementation.Create:	start create product

24/05/2025 22:32:10	Dal.ProductImplementation.Create:	end create product

24/05/2025 22:32:10	Dal.ProductImplementation.Create:	start create product

24/05/2025 22:32:10	Dal.ProductImplementation.Create:	end create product

24/05/2025 22:32:10	Dal.ProductImplementation.Create:	start create product

24/05/2025 22:32:10	Dal.ProductImplementation.Create:	end create product

24/05/2025 22:32:10	Dal.SaleImplementation.Create:	start create sale

24/05/2025 22:32:10	Dal.SaleImplementation.Create:	end create sale

24/05/2025 22:32:10	Dal.SaleImplementation.Create:	start create sale

24/05/2025 22:32:10	Dal.SaleImplementation.Create:	end create sale

24/05/2025 22:32:10	Dal.SaleImplementation.Create:	start create sale

24/05/2025 22:32:10	Dal.SaleImplementation.Create:	end create sale

24/05/2025 22:32:10	Dal.SaleImplementation.Create:	start create sale

24/05/2025 22:32:11	Dal.SaleImplementation.Create:	end create sale

24/05/2025 22:32:11	Dal.SaleImplementation.Create:	start create sale

24/05/2025 22:32:11	Dal.SaleImplementation.Create:	end create sale

24/05/2025 22:35:43	Dal.CustomerImplementation.Create:	start create customer

24/05/2025 22:35:44	Dal.CustomerImplementation.Create:	end create customer

24/05/2025 22:35:44	Dal.CustomerImplementation.Create:	start create customer

24/05/2025 22:35:44	Dal.CustomerImplementation.Create:	end create customer

24/05/2025 22:35:44	Dal.CustomerImplementation.Create:	start create customer

24/05/2025 22:35:44	Dal.CustomerImplementation.Create:	end create customer

24/05/2025 22:35:44	Dal.CustomerImplementation.Create:	start create customer

24/05/2025 22:35:44	Dal.CustomerImplementation.Create:	end create customer

24/05/2025 22:35:44	Dal.CustomerImplementation.Create:	start create customer

24/05/2025 22:35:44	Dal.CustomerImplementation.Create:	end create customer

24/05/2025 22:35:45	Dal.ProductImplementation.Create:	start create product

24/05/2025 22:35:45	Dal.ProductImplementation.Create:	end create product

24/05/2025 22:35:45	Dal.ProductImplementation.Create:	start create product

24/05/2025 22:35:45	Dal.ProductImplementation.Create:	end create product

24/05/2025 22:35:45	Dal.ProductImplementation.Create:	start create product

24/05/2025 22:35:45	Dal.ProductImplementation.Create:	end create product

24/05/2025 22:35:45	Dal.ProductImplementation.Create:	start create product

24/05/2025 22:35:46	Dal.ProductImplementation.Create:	end create product

24/05/2025 22:35:46	Dal.ProductImplementation.Create:	start create product

24/05/2025 22:35:46	Dal.ProductImplementation.Create:	end create product

24/05/2025 22:36:10	Dal.SaleImplementation.Create:	start create sale

24/05/2025 22:38:36	Dal.CustomerImplementation.Create:	start create customer

24/05/2025 22:38:36	Dal.CustomerImplementation.Create:	end create customer

24/05/2025 22:38:36	Dal.CustomerImplementation.Create:	start create customer

24/05/2025 22:38:36	Dal.CustomerImplementation.Create:	end create customer

24/05/2025 22:38:36	Dal.CustomerImplementation.Create:	start create customer

24/05/2025 22:38:36	Dal.CustomerImplementation.Create:	end create customer

24/05/2025 22:38:36	Dal.CustomerImplementation.Create:	start create customer

24/05/2025 22:38:36	Dal.CustomerImplementation.Create:	end create customer

24/05/2025 22:38:36	Dal.CustomerImplementation.Create:	start create customer

24/05/2025 22:38:36	Dal.CustomerImplementation.Create:	end create customer

24/05/2025 22:38:36	Dal.ProductImplementation.Create:	start create product

24/05/2025 22:38:36	Dal.ProductImplementation.Create:	end create product

24/05/2025 22:38:36	Dal.ProductImplementation.Create:	start create product

24/05/2025 22:38:36	Dal.ProductImplementation.Create:	end create product

24/05/2025 22:38:36	Dal.ProductImplementation.Create:	start create product

24/05/2025 22:38:36	Dal.ProductImplementation.Create:	end create product

24/05/2025 22:38:36	Dal.ProductImplementation.Create:	start create product

24/05/2025 22:38:36	Dal.ProductImplementation.Create:	end create product

24/05/2025 22:38:36	Dal.ProductImplementation.Create:	start create product

24/05/2025 22:38:36	Dal.ProductImplementation.Create:	end create product

24/05/2025 22:38:44	Dal.SaleImplementation.Create:	start create sale

24/05/2025 22:38:44	Dal.SaleImplementation.Create:	end create sale

24/05/2025 22:39:03	Dal.CustomerImplementation.Create:	start create customer

24/05/2025 22:39:04	Dal.CustomerImplementation.Create:	end create customer

24/05/2025 22:39:04	Dal.CustomerImplementation.Create:	start create customer

24/05/2025 22:39:04	Dal.CustomerImplementation.Create:	end create customer

24/05/2025 22:39:04	Dal.CustomerImplementation.Create:	start create customer

24/05/2025 22:39:04	Dal.CustomerImplementation.Create:	end create customer

24/05/2025 22:39:04	Dal.CustomerImplementation.Create:	start create customer

24/05/2025 22:39:04	Dal.CustomerImplementation.Create:	end create customer

24/05/2025 22:39:04	Dal.CustomerImplementation.Create:	start create customer

24/05/2025 22:39:04	Dal.CustomerImplementation.Create:	end create customer

24/05/2025 22:39:04	Dal.ProductImplementation.Create:	start create product

24/05/2025 22:39:04	Dal.ProductImplementation.Create:	end create product

24/05/2025 22:39:04	Dal.ProductImplementation.Create:	start create product

24/05/2025 22:39:04	Dal.ProductImplementation.Create:	end create product

24/05/2025 22:39:04	Dal.ProductImplementation.Create:	start create product

24/05/2025 22:39:05	Dal.ProductImplementation.Create:	end create product

24/05/2025 22:39:05	Dal.ProductImplementation.Create:	start create product

24/05/2025 22:39:05	Dal.ProductImplementation.Create:	end create product

24/05/2025 22:39:05	Dal.ProductImplementation.Create:	start create product

24/05/2025 22:39:05	Dal.ProductImplementation.Create:	end create product

24/05/2025 22:39:14	Dal.SaleImplementation.Create:	start create sale

24/05/2025 22:39:14	Dal.SaleImplementation.Create:	end create sale

24/05/2025 22:39:15	Dal.SaleImplementation.Create:	start create sale

24/05/2025 22:39:15	Dal.SaleImplementation.Create:	end create sale

24/05/2025 22:39:16	Dal.SaleImplementation.Create:	start create sale

24/05/2025 22:39:16	Dal.SaleImplementation.Create:	end create sale

24/05/2025 22:39:16	Dal.SaleImplementation.Create:	start create sale

24/05/2025 22:39:16	Dal.SaleImplementation.Create:	end create sale

24/05/2025 22:39:17	Dal.SaleImplementation.Create:	start create sale

24/05/2025 22:39:17	Dal.SaleImplementation.Create:	end create sale

24/05/2025 22:45:28	Dal.CustomerImplementation.Create:	start create customer

24/05/2025 22:45:28	Dal.CustomerImplementation.Create:	end create customer

24/05/2025 22:45:28	Dal.CustomerImplementation.Create:	start create customer

24/05/2025 22:45:28	Dal.CustomerImplementation.Create:	end create customer

24/05/2025 22:45:28	Dal.CustomerImplementation.Create:	start create customer

24/05/2025 22:45:29	Dal.CustomerImplementation.Create:	end create customer

24/05/2025 22:45:29	Dal.CustomerImplementation.Create:	start create customer

24/05/2025 22:45:29	Dal.CustomerImplementation.Create:	end create customer

24/05/2025 22:45:29	Dal.CustomerImplementation.Create:	start create customer

24/05/2025 22:45:29	Dal.CustomerImplementation.Create:	end create customer

24/05/2025 22:45:43	Dal.ProductImplementation.Create:	start create product

24/05/2025 22:45:55	Dal.ProductImplementation.Create:	end create product

24/05/2025 22:46:13	Dal.ProductImplementation.Create:	start create product

24/05/2025 22:46:22	Dal.ProductImplementation.Create:	end create product

24/05/2025 22:46:26	Dal.ProductImplementation.Create:	start create product

24/05/2025 22:46:26	Dal.ProductImplementation.Create:	end create product

24/05/2025 22:46:27	Dal.ProductImplementation.Create:	start create product

24/05/2025 22:46:27	Dal.ProductImplementation.Create:	end create product

24/05/2025 22:46:37	Dal.ProductImplementation.Create:	start create product

24/05/2025 22:46:37	Dal.ProductImplementation.Create:	end create product

24/05/2025 22:46:40	Dal.SaleImplementation.Create:	start create sale

24/05/2025 22:46:41	Dal.SaleImplementation.Create:	end create sale

24/05/2025 22:46:41	Dal.SaleImplementation.Create:	start create sale

24/05/2025 22:46:41	Dal.SaleImplementation.Create:	end create sale

24/05/2025 22:46:41	Dal.SaleImplementation.Create:	start create sale

24/05/2025 22:46:41	Dal.SaleImplementation.Create:	end create sale

24/05/2025 22:46:41	Dal.SaleImplementation.Create:	start create sale

24/05/2025 22:46:41	Dal.SaleImplementation.Create:	end create sale

24/05/2025 22:46:41	Dal.SaleImplementation.Create:	start create sale

24/05/2025 22:46:41	Dal.SaleImplementation.Create:	end create sale

24/05/2025 22:48:09	Dal.CustomerImplementation.Create:	start create customer

24/05/2025 22:48:09	Dal.CustomerImplementation.Create:	end create customer

24/05/2025 22:48:09	Dal.CustomerImplementation.Create:	start create customer

24/05/2025 22:48:09	Dal.CustomerImplementation.Create:	end create customer

24/05/2025 22:48:09	Dal.CustomerImplementation.Create:	start create customer

24/05/2025 22:48:09	Dal.CustomerImplementation.Create:	end create customer

24/05/2025 22:48:09	Dal.CustomerImplementation.Create:	start create customer

24/05/2025 22:48:09	Dal.CustomerImplementation.Create:	end create customer

24/05/2025 22:48:09	Dal.CustomerImplementation.Create:	start create customer

24/05/2025 22:48:09	Dal.CustomerImplementation.Create:	end create customer

24/05/2025 22:48:46	Dal.CustomerImplementation.Create:	start create customer

24/05/2025 22:48:46	Dal.CustomerImplementation.Create:	end create customer

24/05/2025 22:48:46	Dal.CustomerImplementation.Create:	start create customer

24/05/2025 22:48:46	Dal.CustomerImplementation.Create:	end create customer

24/05/2025 22:48:46	Dal.CustomerImplementation.Create:	start create customer

24/05/2025 22:48:46	Dal.CustomerImplementation.Create:	end create customer

24/05/2025 22:48:46	Dal.CustomerImplementation.Create:	start create customer

24/05/2025 22:48:46	Dal.CustomerImplementation.Create:	end create customer

24/05/2025 22:48:46	Dal.CustomerImplementation.Create:	start create customer

24/05/2025 22:48:46	Dal.CustomerImplementation.Create:	end create customer

24/05/2025 22:48:51	Dal.ProductImplementation.Create:	start create product

24/05/2025 22:48:51	Dal.ProductImplementation.Create:	end create product

24/05/2025 22:48:51	Dal.ProductImplementation.Create:	start create product

24/05/2025 22:48:51	Dal.ProductImplementation.Create:	end create product

24/05/2025 22:48:52	Dal.ProductImplementation.Create:	start create product

24/05/2025 22:48:52	Dal.ProductImplementation.Create:	end create product

24/05/2025 22:48:53	Dal.ProductImplementation.Create:	start create product

24/05/2025 22:48:53	Dal.ProductImplementation.Create:	end create product

24/05/2025 22:48:54	Dal.ProductImplementation.Create:	start create product

24/05/2025 22:48:54	Dal.ProductImplementation.Create:	end create product

24/05/2025 22:48:58	Dal.SaleImplementation.Create:	start create sale

24/05/2025 22:48:58	Dal.SaleImplementation.Create:	end create sale

24/05/2025 22:48:58	Dal.SaleImplementation.Create:	start create sale

24/05/2025 22:48:58	Dal.SaleImplementation.Create:	end create sale

24/05/2025 22:48:58	Dal.SaleImplementation.Create:	start create sale

24/05/2025 22:48:58	Dal.SaleImplementation.Create:	end create sale

24/05/2025 22:48:58	Dal.SaleImplementation.Create:	start create sale

24/05/2025 22:48:58	Dal.SaleImplementation.Create:	end create sale

24/05/2025 22:48:58	Dal.SaleImplementation.Create:	start create sale

24/05/2025 22:48:58	Dal.SaleImplementation.Create:	end create sale

24/05/2025 23:12:21	Dal.CustomerImplementation.Create:	start create customer

24/05/2025 23:12:21	Dal.CustomerImplementation.Create:	end create customer

24/05/2025 23:12:21	Dal.CustomerImplementation.Create:	start create customer

24/05/2025 23:12:21	Dal.CustomerImplementation.Create:	end create customer

24/05/2025 23:12:21	Dal.CustomerImplementation.Create:	start create customer

24/05/2025 23:12:21	Dal.CustomerImplementation.Create:	end create customer

24/05/2025 23:12:21	Dal.CustomerImplementation.Create:	start create customer

24/05/2025 23:12:21	Dal.CustomerImplementation.Create:	end create customer

24/05/2025 23:12:21	Dal.CustomerImplementation.Create:	start create customer

24/05/2025 23:12:22	Dal.CustomerImplementation.Create:	end create customer

24/05/2025 23:12:22	Dal.ProductImplementation.Create:	start create product

24/05/2025 23:12:22	Dal.ProductImplementation.Create:	end create product

24/05/2025 23:12:22	Dal.ProductImplementation.Create:	start create product

24/05/2025 23:12:22	Dal.ProductImplementation.Create:	end create product

24/05/2025 23:12:22	Dal.ProductImplementation.Create:	start create product

24/05/2025 23:12:22	Dal.ProductImplementation.Create:	end create product

24/05/2025 23:12:22	Dal.ProductImplementation.Create:	start create product

24/05/2025 23:12:22	Dal.ProductImplementation.Create:	end create product

24/05/2025 23:12:22	Dal.ProductImplementation.Create:	start create product

24/05/2025 23:12:22	Dal.ProductImplementation.Create:	end create product

24/05/2025 23:12:22	Dal.SaleImplementation.Create:	start create sale

24/05/2025 23:12:22	Dal.SaleImplementation.Create:	end create sale

24/05/2025 23:12:22	Dal.SaleImplementation.Create:	start create sale

24/05/2025 23:12:22	Dal.SaleImplementation.Create:	end create sale

24/05/2025 23:12:22	Dal.SaleImplementation.Create:	start create sale

24/05/2025 23:12:22	Dal.SaleImplementation.Create:	end create sale

24/05/2025 23:12:22	Dal.SaleImplementation.Create:	start create sale

24/05/2025 23:12:22	Dal.SaleImplementation.Create:	end create sale

24/05/2025 23:12:22	Dal.SaleImplementation.Create:	start create sale

24/05/2025 23:12:22	Dal.SaleImplementation.Create:	end create sale

24/05/2025 23:14:20	Dal.CustomerImplementation.Create:	start create customer

24/05/2025 23:14:21	Dal.CustomerImplementation.Create:	end create customer

24/05/2025 23:14:21	Dal.CustomerImplementation.Create:	start create customer

24/05/2025 23:14:21	Dal.CustomerImplementation.Create:	end create customer

24/05/2025 23:14:21	Dal.CustomerImplementation.Create:	start create customer

24/05/2025 23:14:21	Dal.CustomerImplementation.Create:	end create customer

24/05/2025 23:14:21	Dal.CustomerImplementation.Create:	start create customer

24/05/2025 23:14:21	Dal.CustomerImplementation.Create:	end create customer

24/05/2025 23:14:21	Dal.CustomerImplementation.Create:	start create customer

24/05/2025 23:14:21	Dal.CustomerImplementation.Create:	end create customer

24/05/2025 23:14:21	Dal.ProductImplementation.Create:	start create product

24/05/2025 23:14:21	Dal.ProductImplementation.Create:	end create product

24/05/2025 23:14:21	Dal.ProductImplementation.Create:	start create product

24/05/2025 23:14:22	Dal.ProductImplementation.Create:	end create product

24/05/2025 23:14:22	Dal.ProductImplementation.Create:	start create product

24/05/2025 23:14:22	Dal.ProductImplementation.Create:	end create product

24/05/2025 23:14:22	Dal.ProductImplementation.Create:	start create product

24/05/2025 23:14:22	Dal.ProductImplementation.Create:	end create product

24/05/2025 23:14:22	Dal.ProductImplementation.Create:	start create product

24/05/2025 23:14:22	Dal.ProductImplementation.Create:	end create product

24/05/2025 23:14:22	Dal.SaleImplementation.Create:	start create sale

24/05/2025 23:14:22	Dal.SaleImplementation.Create:	end create sale

24/05/2025 23:14:22	Dal.SaleImplementation.Create:	start create sale

24/05/2025 23:14:22	Dal.SaleImplementation.Create:	end create sale

24/05/2025 23:14:22	Dal.SaleImplementation.Create:	start create sale

24/05/2025 23:14:22	Dal.SaleImplementation.Create:	error

24/05/2025 23:15:21	Dal.CustomerImplementation.Create:	start create customer

24/05/2025 23:15:21	Dal.CustomerImplementation.Create:	end create customer

24/05/2025 23:15:21	Dal.CustomerImplementation.Create:	start create customer

24/05/2025 23:15:21	Dal.CustomerImplementation.Create:	end create customer

24/05/2025 23:15:21	Dal.CustomerImplementation.Create:	start create customer

24/05/2025 23:15:21	Dal.CustomerImplementation.Create:	end create customer

24/05/2025 23:15:21	Dal.CustomerImplementation.Create:	start create customer

24/05/2025 23:15:22	Dal.CustomerImplementation.Create:	end create customer

24/05/2025 23:15:22	Dal.CustomerImplementation.Create:	start create customer

24/05/2025 23:15:22	Dal.CustomerImplementation.Create:	end create customer

24/05/2025 23:15:22	Dal.ProductImplementation.Create:	start create product

24/05/2025 23:15:22	Dal.ProductImplementation.Create:	end create product

24/05/2025 23:15:22	Dal.ProductImplementation.Create:	start create product

24/05/2025 23:15:22	Dal.ProductImplementation.Create:	end create product

24/05/2025 23:15:22	Dal.ProductImplementation.Create:	start create product

24/05/2025 23:15:22	Dal.ProductImplementation.Create:	end create product

24/05/2025 23:15:22	Dal.ProductImplementation.Create:	start create product

24/05/2025 23:15:22	Dal.ProductImplementation.Create:	end create product

24/05/2025 23:15:22	Dal.ProductImplementation.Create:	start create product

24/05/2025 23:15:22	Dal.ProductImplementation.Create:	end create product

24/05/2025 23:15:29	Dal.SaleImplementation.Create:	start create sale

24/05/2025 23:15:41	Dal.SaleImplementation.Create:	end create sale

24/05/2025 23:15:45	Dal.SaleImplementation.Create:	start create sale

24/05/2025 23:15:45	Dal.SaleImplementation.Create:	end create sale

24/05/2025 23:15:46	Dal.SaleImplementation.Create:	start create sale

24/05/2025 23:15:46	Dal.SaleImplementation.Create:	error

24/05/2025 23:17:25	Dal.CustomerImplementation.Create:	start create customer

24/05/2025 23:17:25	Dal.CustomerImplementation.Create:	end create customer

24/05/2025 23:17:25	Dal.CustomerImplementation.Create:	start create customer

24/05/2025 23:17:25	Dal.CustomerImplementation.Create:	end create customer

24/05/2025 23:17:25	Dal.CustomerImplementation.Create:	start create customer

24/05/2025 23:17:25	Dal.CustomerImplementation.Create:	end create customer

24/05/2025 23:17:25	Dal.CustomerImplementation.Create:	start create customer

24/05/2025 23:17:25	Dal.CustomerImplementation.Create:	end create customer

24/05/2025 23:17:25	Dal.CustomerImplementation.Create:	start create customer

24/05/2025 23:17:25	Dal.CustomerImplementation.Create:	end create customer

24/05/2025 23:17:25	Dal.ProductImplementation.Create:	start create product

24/05/2025 23:17:26	Dal.ProductImplementation.Create:	end create product

24/05/2025 23:17:26	Dal.ProductImplementation.Create:	start create product

24/05/2025 23:17:26	Dal.ProductImplementation.Create:	end create product

24/05/2025 23:17:26	Dal.ProductImplementation.Create:	start create product

24/05/2025 23:17:26	Dal.ProductImplementation.Create:	end create product

24/05/2025 23:17:26	Dal.ProductImplementation.Create:	start create product

24/05/2025 23:17:26	Dal.ProductImplementation.Create:	end create product

24/05/2025 23:17:26	Dal.ProductImplementation.Create:	start create product

24/05/2025 23:17:26	Dal.ProductImplementation.Create:	end create product

24/05/2025 23:17:26	Dal.SaleImplementation.Create:	start create sale

24/05/2025 23:17:26	Dal.SaleImplementation.Create:	end create sale

24/05/2025 23:17:26	Dal.SaleImplementation.Create:	start create sale

24/05/2025 23:17:26	Dal.SaleImplementation.Create:	end create sale

24/05/2025 23:17:55	Dal.SaleImplementation.Create:	start create sale

24/05/2025 23:18:08	Dal.SaleImplementation.Create:	end create sale

24/05/2025 23:18:11	Dal.SaleImplementation.Create:	start create sale

24/05/2025 23:18:11	Dal.SaleImplementation.Create:	end create sale

24/05/2025 23:18:12	Dal.SaleImplementation.Create:	start create sale

24/05/2025 23:18:12	Dal.SaleImplementation.Create:	end create sale

24/05/2025 23:26:52	Dal.ProductImplementation.Read:	begin

24/05/2025 23:26:55	Dal.ProductImplementation.Read:	end

24/05/2025 23:27:29	Dal.ProductImplementation.Read:	begin

24/05/2025 23:27:29	Dal.ProductImplementation.Read:	end

24/05/2025 23:28:24	Dal.ProductImplementation.Read:	begin

24/05/2025 23:28:24	Dal.ProductImplementation.Read:	end

24/05/2025 23:35:09	Dal.ProductImplementation.Read:	begin

24/05/2025 23:35:09	Dal.ProductImplementation.Read:	end

24/05/2025 23:37:26	Dal.ProductImplementation.Read:	begin

24/05/2025 23:37:26	Dal.ProductImplementation.Read:	end

24/05/2025 23:42:11	Dal.ProductImplementation.Read:	begin

24/05/2025 23:42:11	Dal.ProductImplementation.Read:	end

24/05/2025 23:43:29	Dal.ProductImplementation.Read:	begin

24/05/2025 23:43:29	Dal.ProductImplementation.Read:	end

24/05/2025 23:44:30	Dal.ProductImplementation.Read:	begin

24/05/2025 23:44:30	Dal.ProductImplementation.Read:	end

24/05/2025 23:50:18	Dal.ProductImplementation.Read:	begin

24/05/2025 23:50:18	Dal.ProductImplementation.Read:	end

24/05/2025 23:51:30	Dal.ProductImplementation.Read:	begin

24/05/2025 23:51:30	Dal.ProductImplementation.Read:	end

24/05/2025 23:51:48	Dal.SaleImplementation.ReadAll:	error

24/05/2025 23:53:39	Dal.ProductImplementation.Read:	begin

24/05/2025 23:53:39	Dal.ProductImplementation.Read:	end

24/05/2025 23:55:38	Dal.SaleImplementation.ReadAll:	error

24/05/2025 23:59:10	Dal.ProductImplementation.Read:	begin

24/05/2025 23:59:10	Dal.ProductImplementation.Read:	end

