25/05/2025 15:38:03	Dal.CustomerImplementation.ReadAll:	begin

25/05/2025 15:38:03	Dal.CustomerImplementation.ReadAll:	end

25/05/2025 15:39:48	Dal.CustomerImplementation.ReadAll:	begin

25/05/2025 15:40:20	Dal.CustomerImplementation.ReadAll:	end

25/05/2025 15:41:20	Dal.CustomerImplementation.ReadAll:	begin

25/05/2025 15:41:49	Dal.CustomerImplementation.ReadAll:	end

25/05/2025 15:44:38	Dal.CustomerImplementation.ReadAll:	begin

25/05/2025 15:44:48	Dal.CustomerImplementation.ReadAll:	end

25/05/2025 15:50:31	Dal.CustomerImplementation.ReadAll:	begin

25/05/2025 15:50:40	Dal.CustomerImplementation.ReadAll:	end

25/05/2025 15:51:15	Dal.CustomerImplementation.ReadAll:	begin

25/05/2025 15:51:30	Dal.CustomerImplementation.ReadAll:	end

25/05/2025 15:52:25	Dal.CustomerImplementation.ReadAll:	begin

25/05/2025 15:52:25	Dal.CustomerImplementation.ReadAll:	end

25/05/2025 15:52:52	Dal.CustomerImplementation.ReadAll:	begin

25/05/2025 15:53:03	Dal.CustomerImplementation.ReadAll:	end

25/05/2025 15:54:17	Dal.CustomerImplementation.ReadAll:	begin

25/05/2025 15:54:17	Dal.CustomerImplementation.ReadAll:	end

25/05/2025 15:56:02	Dal.CustomerImplementation.ReadAll:	begin

25/05/2025 15:56:02	Dal.CustomerImplementation.ReadAll:	end

25/05/2025 15:56:02	Dal.ProductImplementation.ReadAll:	begin

25/05/2025 15:56:02	Dal.ProductImplementation.ReadAll:	end

25/05/2025 15:56:31	Dal.CustomerImplementation.ReadAll:	begin

25/05/2025 15:56:31	Dal.CustomerImplementation.ReadAll:	end

25/05/2025 15:56:46	Dal.ProductImplementation.ReadAll:	begin

25/05/2025 15:56:55	Dal.ProductImplementation.ReadAll:	end

25/05/2025 15:58:45	Dal.CustomerImplementation.ReadAll:	begin

25/05/2025 15:58:45	Dal.CustomerImplementation.ReadAll:	end

25/05/2025 15:58:59	Dal.CustomerImplementation.ReadAll:	begin

25/05/2025 15:58:59	Dal.CustomerImplementation.ReadAll:	end

25/05/2025 15:59:00	Dal.ProductImplementation.ReadAll:	begin

25/05/2025 15:59:00	Dal.ProductImplementation.ReadAll:	end

25/05/2025 16:50:58	Dal.CustomerImplementation.ReadAll:	begin

25/05/2025 16:50:58	Dal.CustomerImplementation.ReadAll:	end

25/05/2025 16:50:58	Dal.ProductImplementation.ReadAll:	begin

25/05/2025 16:50:58	Dal.ProductImplementation.ReadAll:	end

25/05/2025 16:51:25	Dal.CustomerImplementation.ReadAll:	begin

25/05/2025 16:51:25	Dal.CustomerImplementation.ReadAll:	end

25/05/2025 16:51:25	Dal.ProductImplementation.ReadAll:	begin

25/05/2025 16:51:25	Dal.ProductImplementation.ReadAll:	end

25/05/2025 16:51:36	Dal.CustomerImplementation.ReadAll:	begin

25/05/2025 16:51:36	Dal.CustomerImplementation.ReadAll:	end

25/05/2025 16:51:36	Dal.ProductImplementation.ReadAll:	begin

25/05/2025 16:51:36	Dal.ProductImplementation.ReadAll:	end

25/05/2025 16:54:22	Dal.CustomerImplementation.ReadAll:	begin

25/05/2025 16:54:22	Dal.CustomerImplementation.ReadAll:	end

25/05/2025 16:54:22	Dal.ProductImplementation.ReadAll:	begin

25/05/2025 16:54:22	Dal.ProductImplementation.ReadAll:	end

25/05/2025 16:54:51	Dal.CustomerImplementation.ReadAll:	begin

25/05/2025 16:54:51	Dal.CustomerImplementation.ReadAll:	end

25/05/2025 16:55:08	Dal.ProductImplementation.ReadAll:	begin

25/05/2025 16:55:18	Dal.ProductImplementation.ReadAll:	end

25/05/2025 16:58:14	Dal.CustomerImplementation.ReadAll:	begin

25/05/2025 16:58:14	Dal.CustomerImplementation.ReadAll:	end

25/05/2025 16:58:15	Dal.ProductImplementation.ReadAll:	begin

25/05/2025 16:58:15	Dal.ProductImplementation.ReadAll:	end

25/05/2025 16:58:38	Dal.CustomerImplementation.ReadAll:	begin

25/05/2025 16:58:38	Dal.CustomerImplementation.ReadAll:	end

25/05/2025 16:58:38	Dal.ProductImplementation.ReadAll:	begin

25/05/2025 16:58:38	Dal.ProductImplementation.ReadAll:	end

25/05/2025 17:02:18	Dal.CustomerImplementation.ReadAll:	begin

25/05/2025 17:02:18	Dal.CustomerImplementation.ReadAll:	end

25/05/2025 17:05:21	Dal.CustomerImplementation.ReadAll:	begin

25/05/2025 17:05:21	Dal.CustomerImplementation.ReadAll:	end

25/05/2025 17:08:25	Dal.CustomerImplementation.Read:	begin

25/05/2025 17:08:25	Dal.CustomerImplementation.Read:	end

25/05/2025 17:08:25	Dal.CustomerImplementation.Read:	error

25/05/2025 17:10:55	Dal.CustomerImplementation.Read:	begin

25/05/2025 17:11:04	Dal.CustomerImplementation.Read:	end

25/05/2025 17:13:10	Dal.CustomerImplementation.Read:	begin

25/05/2025 17:13:13	Dal.CustomerImplementation.Read:	end

25/05/2025 17:14:58	Dal.CustomerImplementation.Read:	begin

25/05/2025 17:14:58	Dal.CustomerImplementation.Read:	end

25/05/2025 17:14:58	Dal.CustomerImplementation.Read:	error

25/05/2025 17:15:34	Dal.CustomerImplementation.Read:	begin

25/05/2025 17:15:34	Dal.CustomerImplementation.Read:	end

25/05/2025 17:18:41	Dal.CustomerImplementation.Read:	begin

25/05/2025 17:18:41	Dal.CustomerImplementation.Read:	end

25/05/2025 17:18:41	Dal.CustomerImplementation.Read:	error

25/05/2025 17:19:31	Dal.CustomerImplementation.Read:	begin

25/05/2025 17:19:41	Dal.CustomerImplementation.Read:	end

25/05/2025 17:20:59	Dal.CustomerImplementation.Read:	begin

25/05/2025 17:20:59	Dal.CustomerImplementation.Read:	end

25/05/2025 17:20:59	Dal.CustomerImplementation.Read:	error

25/05/2025 17:21:22	Dal.CustomerImplementation.Read:	begin

25/05/2025 17:21:32	Dal.CustomerImplementation.Read:	end

25/05/2025 17:22:36	Dal.CustomerImplementation.Read:	begin

25/05/2025 17:22:36	Dal.CustomerImplementation.Read:	end

25/05/2025 17:22:36	Dal.CustomerImplementation.Read:	error

25/05/2025 17:22:46	Dal.CustomerImplementation.Read:	begin

25/05/2025 17:22:46	Dal.CustomerImplementation.Read:	end

25/05/2025 17:22:46	Dal.CustomerImplementation.Read:	error

25/05/2025 17:23:30	Dal.CustomerImplementation.Read:	begin

25/05/2025 17:23:39	Dal.CustomerImplementation.Read:	end

25/05/2025 17:25:13	Dal.CustomerImplementation.Read:	error

25/05/2025 17:28:52	Dal.CustomerImplementation.Read:	begin

25/05/2025 17:28:53	Dal.CustomerImplementation.Read:	end

25/05/2025 17:28:57	Dal.CustomerImplementation.Read:	error

25/05/2025 17:29:27	Dal.CustomerImplementation.Read:	begin

25/05/2025 17:29:38	Dal.CustomerImplementation.Read:	end

25/05/2025 17:30:52	Dal.CustomerImplementation.Read:	begin

25/05/2025 17:31:03	Dal.CustomerImplementation.Read:	end

25/05/2025 17:31:52	Dal.CustomerImplementation.Read:	begin

25/05/2025 17:31:52	Dal.CustomerImplementation.Read:	end

25/05/2025 17:33:47	Dal.CustomerImplementation.Read:	begin

25/05/2025 17:33:47	Dal.CustomerImplementation.Read:	end

25/05/2025 17:33:47	Dal.ProductImplementation.ReadAll:	begin

25/05/2025 17:33:47	Dal.ProductImplementation.ReadAll:	end

25/05/2025 17:36:03	Dal.CustomerImplementation.Read:	begin

25/05/2025 17:36:06	Dal.CustomerImplementation.Read:	end

25/05/2025 17:39:40	Dal.ProductImplementation.ReadAll:	begin

25/05/2025 17:39:50	Dal.ProductImplementation.ReadAll:	end

25/05/2025 17:44:00	Dal.CustomerImplementation.Read:	begin

25/05/2025 17:44:10	Dal.CustomerImplementation.Read:	end

25/05/2025 17:44:47	Dal.CustomerImplementation.Read:	begin

25/05/2025 17:44:47	Dal.CustomerImplementation.Read:	end

25/05/2025 17:44:49	Dal.ProductImplementation.ReadAll:	begin

25/05/2025 17:44:49	Dal.ProductImplementation.ReadAll:	end

25/05/2025 17:45:03	Dal.CustomerImplementation.Read:	begin

25/05/2025 17:45:03	Dal.CustomerImplementation.Read:	end

25/05/2025 17:45:04	Dal.ProductImplementation.ReadAll:	begin

25/05/2025 17:45:04	Dal.ProductImplementation.ReadAll:	end

25/05/2025 17:45:29	Dal.CustomerImplementation.Read:	begin

25/05/2025 17:45:29	Dal.CustomerImplementation.Read:	end

25/05/2025 17:45:29	Dal.ProductImplementation.ReadAll:	begin

25/05/2025 17:45:29	Dal.ProductImplementation.ReadAll:	end

25/05/2025 17:45:29	Dal.CustomerImplementation.Read:	begin

25/05/2025 17:45:29	Dal.CustomerImplementation.Read:	end

25/05/2025 17:45:29	Dal.ProductImplementation.ReadAll:	begin

25/05/2025 17:45:29	Dal.ProductImplementation.ReadAll:	end

25/05/2025 17:45:51	Dal.CustomerImplementation.Read:	begin

25/05/2025 17:45:51	Dal.CustomerImplementation.Read:	end

25/05/2025 17:45:51	Dal.ProductImplementation.ReadAll:	begin

25/05/2025 17:45:51	Dal.ProductImplementation.ReadAll:	end

25/05/2025 17:45:52	Dal.CustomerImplementation.Read:	begin

25/05/2025 17:45:52	Dal.CustomerImplementation.Read:	end

25/05/2025 17:45:52	Dal.ProductImplementation.ReadAll:	begin

25/05/2025 17:45:52	Dal.ProductImplementation.ReadAll:	end

25/05/2025 17:45:53	Dal.CustomerImplementation.Read:	begin

25/05/2025 17:45:53	Dal.CustomerImplementation.Read:	end

25/05/2025 17:45:53	Dal.ProductImplementation.ReadAll:	begin

25/05/2025 17:45:53	Dal.ProductImplementation.ReadAll:	end

25/05/2025 17:45:53	Dal.CustomerImplementation.Read:	begin

25/05/2025 17:45:53	Dal.CustomerImplementation.Read:	end

25/05/2025 17:45:53	Dal.ProductImplementation.ReadAll:	begin

25/05/2025 17:45:53	Dal.ProductImplementation.ReadAll:	end

25/05/2025 17:45:53	Dal.CustomerImplementation.Read:	begin

25/05/2025 17:45:53	Dal.CustomerImplementation.Read:	end

25/05/2025 17:45:53	Dal.ProductImplementation.ReadAll:	begin

25/05/2025 17:45:53	Dal.ProductImplementation.ReadAll:	end

25/05/2025 17:45:53	Dal.CustomerImplementation.Read:	begin

25/05/2025 17:45:53	Dal.CustomerImplementation.Read:	end

25/05/2025 17:45:53	Dal.ProductImplementation.ReadAll:	begin

25/05/2025 17:45:53	Dal.ProductImplementation.ReadAll:	end

25/05/2025 17:47:19	Dal.CustomerImplementation.Read:	begin

25/05/2025 17:47:19	Dal.CustomerImplementation.Read:	end

25/05/2025 17:47:19	Dal.ProductImplementation.ReadAll:	begin

25/05/2025 17:47:19	Dal.ProductImplementation.ReadAll:	end

25/05/2025 17:47:19	Dal.CustomerImplementation.Read:	begin

25/05/2025 17:47:19	Dal.CustomerImplementation.Read:	end

25/05/2025 17:47:19	Dal.ProductImplementation.ReadAll:	begin

25/05/2025 17:47:19	Dal.ProductImplementation.ReadAll:	end

25/05/2025 17:47:20	Dal.CustomerImplementation.Read:	begin

25/05/2025 17:47:20	Dal.CustomerImplementation.Read:	end

25/05/2025 17:47:20	Dal.ProductImplementation.ReadAll:	begin

25/05/2025 17:47:20	Dal.ProductImplementation.ReadAll:	end

25/05/2025 17:47:20	Dal.CustomerImplementation.Read:	begin

25/05/2025 17:47:20	Dal.CustomerImplementation.Read:	end

25/05/2025 17:47:20	Dal.ProductImplementation.ReadAll:	begin

25/05/2025 17:47:20	Dal.ProductImplementation.ReadAll:	end

25/05/2025 17:47:20	Dal.CustomerImplementation.Read:	begin

25/05/2025 17:47:20	Dal.CustomerImplementation.Read:	end

25/05/2025 17:47:20	Dal.ProductImplementation.ReadAll:	begin

25/05/2025 17:47:20	Dal.ProductImplementation.ReadAll:	end

25/05/2025 17:48:27	Dal.CustomerImplementation.Read:	begin

25/05/2025 17:48:27	Dal.CustomerImplementation.Read:	end

25/05/2025 17:48:27	Dal.CustomerImplementation.Read:	error

25/05/2025 17:49:16	Dal.CustomerImplementation.Read:	begin

25/05/2025 17:49:25	Dal.CustomerImplementation.Read:	end

25/05/2025 17:49:56	Dal.CustomerImplementation.Read:	begin

25/05/2025 17:49:56	Dal.CustomerImplementation.Read:	end

25/05/2025 17:49:56	Dal.ProductImplementation.ReadAll:	begin

25/05/2025 17:49:56	Dal.ProductImplementation.ReadAll:	end

25/05/2025 17:50:04	Dal.ProductImplementation.Read:	begin

25/05/2025 17:50:04	Dal.ProductImplementation.Read:	end

25/05/2025 17:50:04	Dal.SaleImplementation.ReadAll:	error

25/05/2025 17:50:14	Dal.ProductImplementation.Read:	begin

25/05/2025 17:50:14	Dal.ProductImplementation.Read:	end

25/05/2025 17:50:14	Dal.SaleImplementation.ReadAll:	error

25/05/2025 17:51:19	Dal.CustomerImplementation.Read:	begin

25/05/2025 17:51:19	Dal.CustomerImplementation.Read:	end

25/05/2025 17:51:19	Dal.ProductImplementation.ReadAll:	begin

25/05/2025 17:51:19	Dal.ProductImplementation.ReadAll:	end

25/05/2025 17:51:22	Dal.ProductImplementation.Read:	begin

25/05/2025 17:51:22	Dal.ProductImplementation.Read:	end

25/05/2025 17:51:22	Dal.SaleImplementation.ReadAll:	error

25/05/2025 17:59:10	Dal.CustomerImplementation.Read:	begin

25/05/2025 17:59:10	Dal.CustomerImplementation.Read:	end

25/05/2025 18:08:23	Dal.ProductImplementation.ReadAll:	begin

25/05/2025 18:08:23	Dal.ProductImplementation.ReadAll:	end

25/05/2025 18:08:27	Dal.ProductImplementation.Read:	begin

25/05/2025 18:08:27	Dal.ProductImplementation.Read:	end

25/05/2025 18:08:48	Dal.ProductImplementation.ReadAll:	begin

25/05/2025 18:08:48	Dal.ProductImplementation.ReadAll:	end

25/05/2025 18:08:51	Dal.ProductImplementation.Read:	begin

25/05/2025 18:08:51	Dal.ProductImplementation.Read:	end

25/05/2025 18:08:51	Dal.SaleImplementation.ReadAll:	error

25/05/2025 18:31:27	Dal.ProductImplementation.ReadAll:	begin

25/05/2025 18:31:27	Dal.ProductImplementation.ReadAll:	end

25/05/2025 18:31:36	Dal.ProductImplementation.Read:	begin

25/05/2025 18:31:36	Dal.ProductImplementation.Read:	end

25/05/2025 18:31:36	Dal.SaleImplementation.ReadAll:	error

25/05/2025 18:56:52	Dal.ProductImplementation.ReadAll:	begin

25/05/2025 18:56:52	Dal.ProductImplementation.ReadAll:	end

25/05/2025 18:56:55	Dal.ProductImplementation.Read:	begin

25/05/2025 18:56:55	Dal.ProductImplementation.Read:	end

25/05/2025 18:56:55	Dal.SaleImplementation.ReadAll:	error

25/05/2025 18:59:56	Dal.ProductImplementation.ReadAll:	begin

25/05/2025 18:59:56	Dal.ProductImplementation.ReadAll:	end

25/05/2025 18:59:59	Dal.ProductImplementation.Read:	begin

25/05/2025 18:59:59	Dal.ProductImplementation.Read:	end

25/05/2025 18:59:59	Dal.SaleImplementation.ReadAll:	error

25/05/2025 19:01:27	Dal.ProductImplementation.ReadAll:	begin

25/05/2025 19:01:27	Dal.ProductImplementation.ReadAll:	end

25/05/2025 19:01:29	Dal.ProductImplementation.Read:	begin

25/05/2025 19:01:29	Dal.ProductImplementation.Read:	end

25/05/2025 19:01:29	Dal.SaleImplementation.ReadAll:	error

25/05/2025 19:02:12	Dal.ProductImplementation.ReadAll:	begin

25/05/2025 19:02:12	Dal.ProductImplementation.ReadAll:	end

25/05/2025 19:02:14	Dal.ProductImplementation.Read:	begin

25/05/2025 19:02:14	Dal.ProductImplementation.Read:	end

25/05/2025 19:02:14	Dal.SaleImplementation.ReadAll:	error

25/05/2025 19:03:55	Dal.ProductImplementation.ReadAll:	begin

25/05/2025 19:03:55	Dal.ProductImplementation.ReadAll:	end

25/05/2025 19:04:04	Dal.ProductImplementation.Read:	begin

25/05/2025 19:04:04	Dal.ProductImplementation.Read:	end

25/05/2025 19:04:20	Dal.SaleImplementation.ReadAll:	error

25/05/2025 19:04:58	Dal.ProductImplementation.ReadAll:	begin

25/05/2025 19:04:58	Dal.ProductImplementation.ReadAll:	end

25/05/2025 19:05:01	Dal.ProductImplementation.Read:	begin

25/05/2025 19:05:01	Dal.ProductImplementation.Read:	end

25/05/2025 19:16:47	Dal.ProductImplementation.ReadAll:	begin

25/05/2025 19:16:47	Dal.ProductImplementation.ReadAll:	end

25/05/2025 19:16:50	Dal.ProductImplementation.Read:	begin

25/05/2025 19:16:50	Dal.ProductImplementation.Read:	end

25/05/2025 19:16:50	Dal.ProductImplementation.Read:	begin

25/05/2025 19:16:50	Dal.ProductImplementation.Read:	end

25/05/2025 19:17:10	Dal.ProductImplementation.ReadAll:	begin

25/05/2025 19:17:10	Dal.ProductImplementation.ReadAll:	end

25/05/2025 19:17:13	Dal.ProductImplementation.Read:	begin

25/05/2025 19:17:13	Dal.ProductImplementation.Read:	end

25/05/2025 19:17:13	Dal.ProductImplementation.Read:	begin

25/05/2025 19:17:13	Dal.ProductImplementation.Read:	end

25/05/2025 19:17:13	Dal.SaleImplementation.ReadAll:	error

25/05/2025 19:17:25	Dal.ProductImplementation.Read:	begin

25/05/2025 19:17:25	Dal.ProductImplementation.Read:	end

25/05/2025 19:17:25	Dal.ProductImplementation.Read:	begin

25/05/2025 19:17:25	Dal.ProductImplementation.Read:	end

25/05/2025 19:17:25	Dal.SaleImplementation.ReadAll:	error

25/05/2025 19:17:29	Dal.ProductImplementation.Read:	begin

25/05/2025 19:17:29	Dal.ProductImplementation.Read:	end

25/05/2025 19:17:29	Dal.ProductImplementation.Read:	begin

25/05/2025 19:17:29	Dal.ProductImplementation.Read:	end

25/05/2025 19:17:29	Dal.SaleImplementation.ReadAll:	error

25/05/2025 19:17:34	Dal.ProductImplementation.Read:	begin

25/05/2025 19:17:34	Dal.ProductImplementation.Read:	end

25/05/2025 19:17:34	Dal.ProductImplementation.Read:	begin

25/05/2025 19:17:34	Dal.ProductImplementation.Read:	end

25/05/2025 19:17:34	Dal.SaleImplementation.ReadAll:	error

25/05/2025 19:17:39	Dal.ProductImplementation.Read:	begin

25/05/2025 19:17:39	Dal.ProductImplementation.Read:	end

25/05/2025 19:17:39	Dal.ProductImplementation.Read:	begin

25/05/2025 19:17:39	Dal.ProductImplementation.Read:	end

25/05/2025 19:17:39	Dal.SaleImplementation.ReadAll:	error

25/05/2025 19:17:46	Dal.ProductImplementation.Read:	begin

25/05/2025 19:17:46	Dal.ProductImplementation.Read:	end

25/05/2025 19:17:46	Dal.ProductImplementation.Read:	begin

25/05/2025 19:17:46	Dal.ProductImplementation.Read:	end

25/05/2025 19:17:46	Dal.SaleImplementation.ReadAll:	error

25/05/2025 19:18:07	Dal.ProductImplementation.Read:	begin

25/05/2025 19:18:07	Dal.ProductImplementation.Read:	end

25/05/2025 19:18:07	Dal.ProductImplementation.Read:	begin

25/05/2025 19:18:07	Dal.ProductImplementation.Read:	end

25/05/2025 19:18:07	Dal.SaleImplementation.ReadAll:	error

25/05/2025 19:19:14	Dal.ProductImplementation.Read:	begin

25/05/2025 19:19:14	Dal.ProductImplementation.Read:	end

25/05/2025 19:19:14	Dal.ProductImplementation.Read:	begin

25/05/2025 19:19:14	Dal.ProductImplementation.Read:	end

25/05/2025 19:19:14	Dal.SaleImplementation.ReadAll:	error

25/05/2025 19:22:20	Dal.ProductImplementation.ReadAll:	begin

25/05/2025 19:22:20	Dal.ProductImplementation.ReadAll:	end

25/05/2025 19:27:26	Dal.ProductImplementation.ReadAll:	begin

25/05/2025 19:27:26	Dal.ProductImplementation.ReadAll:	end

25/05/2025 19:28:15	Dal.ProductImplementation.Read:	begin

25/05/2025 19:28:53	Dal.ProductImplementation.Read:	end

25/05/2025 19:29:18	Dal.ProductImplementation.Read:	begin

25/05/2025 19:29:59	Dal.ProductImplementation.Read:	end

25/05/2025 19:30:40	Dal.ProductImplementation.ReadAll:	begin

25/05/2025 19:30:40	Dal.ProductImplementation.ReadAll:	end

25/05/2025 19:30:58	Dal.ProductImplementation.ReadAll:	begin

25/05/2025 19:30:59	Dal.ProductImplementation.ReadAll:	end

25/05/2025 19:31:10	Dal.ProductImplementation.Read:	begin

25/05/2025 19:31:10	Dal.ProductImplementation.Read:	end

25/05/2025 19:31:10	Dal.ProductImplementation.Read:	begin

25/05/2025 19:31:10	Dal.ProductImplementation.Read:	end

25/05/2025 19:31:10	Dal.SaleImplementation.ReadAll:	error

25/05/2025 19:31:14	Dal.ProductImplementation.Read:	begin

25/05/2025 19:31:14	Dal.ProductImplementation.Read:	end

25/05/2025 19:31:14	Dal.ProductImplementation.Read:	begin

25/05/2025 19:31:14	Dal.ProductImplementation.Read:	end

25/05/2025 19:31:14	Dal.SaleImplementation.ReadAll:	error

25/05/2025 19:31:33	Dal.ProductImplementation.Read:	begin

25/05/2025 19:31:33	Dal.ProductImplementation.Read:	end

25/05/2025 19:31:33	Dal.ProductImplementation.Read:	begin

25/05/2025 19:31:33	Dal.ProductImplementation.Read:	end

25/05/2025 19:31:33	Dal.SaleImplementation.ReadAll:	error

25/05/2025 19:31:37	Dal.ProductImplementation.Read:	begin

25/05/2025 19:31:37	Dal.ProductImplementation.Read:	end

25/05/2025 19:31:37	Dal.ProductImplementation.Read:	begin

25/05/2025 19:31:37	Dal.ProductImplementation.Read:	end

25/05/2025 19:31:37	Dal.SaleImplementation.ReadAll:	error

25/05/2025 19:31:43	Dal.ProductImplementation.Read:	begin

25/05/2025 19:31:43	Dal.ProductImplementation.Read:	end

25/05/2025 19:31:43	Dal.ProductImplementation.Read:	begin

25/05/2025 19:31:43	Dal.ProductImplementation.Read:	end

25/05/2025 19:31:43	Dal.SaleImplementation.ReadAll:	error

25/05/2025 20:56:18	Dal.ProductImplementation.ReadAll:	begin

25/05/2025 20:56:19	Dal.ProductImplementation.ReadAll:	end

25/05/2025 20:56:31	Dal.ProductImplementation.Read:	begin

25/05/2025 20:56:31	Dal.ProductImplementation.Read:	end

25/05/2025 20:56:31	Dal.ProductImplementation.Read:	begin

25/05/2025 20:56:31	Dal.ProductImplementation.Read:	end

25/05/2025 20:56:31	Dal.SaleImplementation.ReadAll:	error

25/05/2025 20:56:44	Dal.ProductImplementation.Read:	begin

25/05/2025 20:56:44	Dal.ProductImplementation.Read:	end

25/05/2025 20:56:44	Dal.ProductImplementation.Read:	begin

25/05/2025 20:56:44	Dal.ProductImplementation.Read:	end

25/05/2025 20:56:44	Dal.SaleImplementation.ReadAll:	error

25/05/2025 20:57:47	Dal.ProductImplementation.ReadAll:	begin

25/05/2025 20:57:47	Dal.ProductImplementation.ReadAll:	end

25/05/2025 21:01:18	Dal.ProductImplementation.Read:	begin

25/05/2025 21:01:33	Dal.ProductImplementation.Read:	end

25/05/2025 21:13:41	Dal.ProductImplementation.ReadAll:	begin

25/05/2025 21:13:41	Dal.ProductImplementation.ReadAll:	end

25/05/2025 21:13:46	Dal.ProductImplementation.Read:	begin

25/05/2025 21:13:46	Dal.ProductImplementation.Read:	end

25/05/2025 21:13:46	Dal.SaleImplementation.ReadAll:	error

25/05/2025 21:13:52	Dal.ProductImplementation.Read:	begin

25/05/2025 21:13:53	Dal.ProductImplementation.Read:	end

25/05/2025 21:13:53	Dal.ProductImplementation.Update:	begin

25/05/2025 21:13:53	Dal.ProductImplementation.Read:	begin

25/05/2025 21:13:53	Dal.ProductImplementation.Read:	end

25/05/2025 21:13:53	Dal.ProductImplementation.Delete:	begin

25/05/2025 21:13:53	Dal.ProductImplementation.Read:	begin

25/05/2025 21:13:53	Dal.ProductImplementation.Read:	end

25/05/2025 21:13:53	Dal.ProductImplementation.Delete:	end

25/05/2025 21:14:06	Dal.ProductImplementation.Read:	begin

25/05/2025 21:14:06	Dal.ProductImplementation.Read:	end

25/05/2025 21:14:32	Dal.ProductImplementation.Read:	begin

25/05/2025 21:14:32	Dal.ProductImplementation.Read:	end

25/05/2025 21:14:32	Dal.SaleImplementation.ReadAll:	error

25/05/2025 21:14:34	Dal.ProductImplementation.Read:	begin

25/05/2025 21:14:34	Dal.ProductImplementation.Read:	end

25/05/2025 21:14:34	Dal.SaleImplementation.ReadAll:	error

25/05/2025 21:14:37	Dal.ProductImplementation.Read:	begin

25/05/2025 21:14:37	Dal.ProductImplementation.Read:	end

25/05/2025 21:14:37	Dal.SaleImplementation.ReadAll:	error

25/05/2025 21:14:56	Dal.ProductImplementation.Read:	begin

25/05/2025 21:14:56	Dal.ProductImplementation.Read:	end

25/05/2025 21:14:56	Dal.SaleImplementation.ReadAll:	error

25/05/2025 21:20:03	Dal.ProductImplementation.ReadAll:	begin

25/05/2025 21:20:03	Dal.ProductImplementation.ReadAll:	end

25/05/2025 21:20:20	Dal.ProductImplementation.ReadAll:	begin

25/05/2025 21:20:20	Dal.ProductImplementation.ReadAll:	end

25/05/2025 21:20:23	Dal.ProductImplementation.Read:	begin

25/05/2025 21:20:23	Dal.ProductImplementation.Read:	end

25/05/2025 21:20:23	Dal.SaleImplementation.ReadAll:	error

25/05/2025 21:20:24	Dal.ProductImplementation.Read:	begin

25/05/2025 21:20:24	Dal.ProductImplementation.Read:	end

25/05/2025 21:20:24	Dal.ProductImplementation.Update:	begin

25/05/2025 21:20:24	Dal.ProductImplementation.Read:	begin

25/05/2025 21:20:24	Dal.ProductImplementation.Read:	end

25/05/2025 21:20:24	Dal.ProductImplementation.Delete:	begin

25/05/2025 21:20:24	Dal.ProductImplementation.Read:	begin

25/05/2025 21:20:24	Dal.ProductImplementation.Read:	end

25/05/2025 21:20:24	Dal.ProductImplementation.Delete:	end

25/05/2025 21:22:24	Dal.ProductImplementation.ReadAll:	begin

25/05/2025 21:22:24	Dal.ProductImplementation.ReadAll:	end

25/05/2025 21:22:29	Dal.ProductImplementation.Read:	begin

25/05/2025 21:22:29	Dal.ProductImplementation.Read:	end

25/05/2025 21:22:29	Dal.SaleImplementation.ReadAll:	error

25/05/2025 21:22:45	Dal.ProductImplementation.Read:	begin

25/05/2025 21:22:46	Dal.ProductImplementation.Read:	end

25/05/2025 21:22:47	Dal.ProductImplementation.Update:	begin

25/05/2025 21:22:47	Dal.ProductImplementation.Read:	begin

25/05/2025 21:22:47	Dal.ProductImplementation.Read:	end

25/05/2025 21:22:47	Dal.ProductImplementation.Delete:	begin

25/05/2025 21:22:47	Dal.ProductImplementation.Read:	begin

25/05/2025 21:22:47	Dal.ProductImplementation.Read:	end

25/05/2025 21:22:47	Dal.ProductImplementation.Delete:	end

25/05/2025 21:23:01	Dal.ProductImplementation.ReadAll:	begin

25/05/2025 21:23:01	Dal.ProductImplementation.ReadAll:	end

25/05/2025 21:23:05	Dal.ProductImplementation.Read:	begin

25/05/2025 21:23:05	Dal.ProductImplementation.Read:	end

25/05/2025 21:23:05	Dal.SaleImplementation.ReadAll:	error

25/05/2025 21:23:16	Dal.ProductImplementation.Read:	begin

25/05/2025 21:23:16	Dal.ProductImplementation.Read:	end

25/05/2025 21:24:14	Dal.ProductImplementation.Update:	begin

25/05/2025 21:24:29	Dal.ProductImplementation.Read:	begin

25/05/2025 21:25:57	Dal.ProductImplementation.Read:	end

25/05/2025 21:26:16	Dal.ProductImplementation.Delete:	begin

25/05/2025 21:26:38	Dal.ProductImplementation.Read:	begin

25/05/2025 21:27:27	Dal.ProductImplementation.Read:	end

25/05/2025 21:28:20	Dal.ProductImplementation.Delete:	end

25/05/2025 21:30:47	Dal.ProductImplementation.ReadAll:	begin

25/05/2025 21:30:47	Dal.ProductImplementation.ReadAll:	end

25/05/2025 21:30:50	Dal.ProductImplementation.Read:	begin

25/05/2025 21:30:50	Dal.ProductImplementation.Read:	end

25/05/2025 21:30:50	Dal.SaleImplementation.ReadAll:	error

25/05/2025 21:31:03	Dal.ProductImplementation.ReadAll:	begin

25/05/2025 21:31:03	Dal.ProductImplementation.ReadAll:	end

25/05/2025 21:31:06	Dal.ProductImplementation.Read:	begin

25/05/2025 21:31:06	Dal.ProductImplementation.Read:	end

25/05/2025 21:31:06	Dal.SaleImplementation.ReadAll:	error

25/05/2025 21:31:07	Dal.ProductImplementation.Read:	begin

25/05/2025 21:31:07	Dal.ProductImplementation.Read:	end

25/05/2025 21:31:07	Dal.ProductImplementation.Update:	begin

25/05/2025 21:31:07	Dal.ProductImplementation.Read:	begin

25/05/2025 21:31:07	Dal.ProductImplementation.Read:	end

25/05/2025 21:31:07	Dal.ProductImplementation.Delete:	begin

25/05/2025 21:31:07	Dal.ProductImplementation.Read:	begin

25/05/2025 21:31:07	Dal.ProductImplementation.Read:	end

25/05/2025 21:31:08	Dal.ProductImplementation.Delete:	end

25/05/2025 21:31:08	Dal.ProductImplementation.Update:	end

